<?xml version="1.0" encoding="UTF-8"?>
<!-- Generated by org.testng.reporters.JUnitXMLReporter -->
<testsuite ignored="3" hostname="IGZ20039" failures="0" tests="1" name="EdgeTest" time="26.023" errors="0" timestamp="2024-07-30T21:56:47 IST">
  <testcase classname="testscript.LoginTest" name="verifyUserIsUnAbleToLoginWithInvalidUsernameAndValidPassword" time="2.13"/>
  <testcase classname="testscript.LoginTest" name="verifyUserIsAbleToLoginWithInValidUsernameAndInvalidPassword" time="0.0">
    <ignored/>
  </testcase> <!-- verifyUserIsAbleToLoginWithInValidUsernameAndInvalidPassword -->
  <testcase classname="testscript.LoginTest" name="verifyUserIsUnAbleToLoginWithValidUsernameAndInvlaidPassword" time="0.0">
    <ignored/>
  </testcase> <!-- verifyUserIsUnAbleToLoginWithValidUsernameAndInvlaidPassword -->
  <testcase classname="testscript.LoginTest" name="verifyUserIsAbleToLoginWithValidUsernameAndValidPassword" time="0.0">
    <ignored/>
  </testcase> <!-- verifyUserIsAbleToLoginWithValidUsernameAndValidPassword -->
</testsuite> <!-- EdgeTest -->
