<?xml version="1.0" encoding="UTF-8"?>
<!-- Generated by org.testng.reporters.JUnitXMLReporter -->
<testsuite ignored="3" hostname="IGZ20039" failures="0" tests="1" name="ChromeTest" time="51.06" errors="0" timestamp="2024-07-30T08:16:33 IST">
  <testcase classname="testscript.LoginTest" name="verifyUserIsUnAbleToLoginWithInvalidUsernameAndValidPassword" time="4.509"/>
  <testcase classname="testscript.LoginTest" name="verifyUserIsUnAbleToLoginWithValidUsernameAndInvlaidPassword" time="0.0">
    <ignored/>
  </testcase> <!-- verifyUserIsUnAbleToLoginWithValidUsernameAndInvlaidPassword -->
  <testcase classname="testscript.LoginTest" name="verifyUserIsAbleToLoginWithValidUsernameAndValidPassword" time="0.0">
    <ignored/>
  </testcase> <!-- verifyUserIsAbleToLoginWithValidUsernameAndValidPassword -->
  <testcase classname="testscript.LoginTest" name="verifyUserIsAbleToLoginWithInValidUsernameAndInvalidPassword" time="0.0">
    <ignored/>
  </testcase> <!-- verifyUserIsAbleToLoginWithInValidUsernameAndInvalidPassword -->
</testsuite> <!-- ChromeTest -->
