<?xml version="1.0" encoding="UTF-8"?>
<!-- Generated by org.testng.reporters.JUnitXMLReporter -->
<testsuite ignored="3" hostname="IGZ20039" failures="0" tests="3" name="Test" time="42.377" errors="0" timestamp="2024-07-30T21:42:01 IST">
  <testcase classname="testscript.AdminUsersTest" name="verifyUserIsAbleToAddUserType" time="3.182"/>
  <testcase classname="testscript.LoginTest" name="verifyUserIsUnAbleToLoginWithInvalidUsernameAndValidPassword" time="1.248"/>
  <testcase classname="testscript.SubCategoryPageTest" name="verifyUserIsAbleToAddSubCategoryAndFileUpload" time="4.614"/>
  <testcase classname="testscript.LoginTest" name="verifyUserIsAbleToLoginWithValidUsernameAndValidPassword" time="0.0">
    <ignored/>
  </testcase> <!-- verifyUserIsAbleToLoginWithValidUsernameAndValidPassword -->
  <testcase classname="testscript.LoginTest" name="verifyUserIsUnAbleToLoginWithValidUsernameAndInvlaidPassword" time="0.0">
    <ignored/>
  </testcase> <!-- verifyUserIsUnAbleToLoginWithValidUsernameAndInvlaidPassword -->
  <testcase classname="testscript.LoginTest" name="verifyUserIsAbleToLoginWithInValidUsernameAndInvalidPassword" time="0.0">
    <ignored/>
  </testcase> <!-- verifyUserIsAbleToLoginWithInValidUsernameAndInvalidPassword -->
</testsuite> <!-- Test -->
