<?xml version="1.0" encoding="UTF-8"?>
<!-- Generated by org.testng.reporters.JUnitXMLReporter -->
<testsuite ignored="0" hostname="IGZ20039" failures="1" tests="1" name="Test" time="31.357" errors="0" timestamp="2024-08-02T18:20:00 IST">
  <testcase classname="testscript.AdminUsersTest" name="verifyUserIsAbleToAddUserType" time="9.28">
    <failure type="java.lang.AssertionError" message="Username created is not present in the listed expected [true] but found [false]">
      <![CDATA[java.lang.AssertionError: Username created is not present in the listed expected [true] but found [false]
at testscript.AdminUsersTest.verifyUserIsAbleToAddUserType(AdminUsersTest.java:25)
at java.base/java.util.ArrayList.forEach(ArrayList.java:1511)
... Removed 30 stack frames]]>
    </failure>
  </testcase> <!-- verifyUserIsAbleToAddUserType -->
</testsuite> <!-- Test -->
