<?xml version="1.0" encoding="UTF-8"?>
<!-- Generated by org.testng.reporters.JUnitXMLReporter -->
<testsuite ignored="0" hostname="IGZ20039" failures="0" tests="2" name="Test" time="19.875" errors="0" timestamp="2024-07-30T08:32:08 IST">
  <testcase classname="testscript.ManageFooterTextPageTest" name="verifyUserIsAbleToEditUserTextInformations" time="7.808"/>
  <testcase classname="testscript.SubCategoryPageTest" name="verifyUserIsAbleToAddSubCategoryAndFileUpload" time="8.671"/>
</testsuite> <!-- Test -->
