<?xml version="1.0" encoding="UTF-8"?>
<testng-results ignored="6" total="8" passed="2" failed="0" skipped="0">
  <reporter-output>
  </reporter-output>
  <suite started-at="2024-07-30T21:56:20 IST" name="MultiBrowsing" finished-at="2024-07-30T21:57:02 IST" duration-ms="41320">
    <groups>
    </groups>
    <test started-at="2024-07-30T21:56:20 IST" name="EdgeTest" finished-at="2024-07-30T21:56:46 IST" duration-ms="26023">
      <class name="testscript.LoginTest">
        <test-method is-config="true" signature="initializeBrowser(java.lang.String)[pri:0, instance:testscript.LoginTest@13330ac6]" started-at="2024-07-30T21:56:21 IST" name="initializeBrowser" finished-at="2024-07-30T21:56:39 IST" duration-ms="18764" status="PASS">
          <params>
            <param index="0">
              <value>
                <![CDATA[edge]]>
              </value>
            </param>
          </params>
          <reporter-output>
          </reporter-output>
        </test-method> <!-- initializeBrowser -->
        <test-method signature="verifyUserIsUnAbleToLoginWithInvalidUsernameAndValidPassword()[pri:0, instance:testscript.LoginTest@13330ac6]" started-at="2024-07-30T21:56:39 IST" name="verifyUserIsUnAbleToLoginWithInvalidUsernameAndValidPassword" finished-at="2024-07-30T21:56:41 IST" duration-ms="2130" status="PASS">
          <reporter-output>
          </reporter-output>
        </test-method> <!-- verifyUserIsUnAbleToLoginWithInvalidUsernameAndValidPassword -->
        <test-method is-config="true" signature="driverQuit()[pri:0, instance:testscript.LoginTest@13330ac6]" started-at="2024-07-30T21:56:41 IST" name="driverQuit" finished-at="2024-07-30T21:56:46 IST" duration-ms="5000" status="PASS">
          <reporter-output>
          </reporter-output>
        </test-method> <!-- driverQuit -->
      </class> <!-- testscript.LoginTest -->
    </test> <!-- EdgeTest -->
    <test started-at="2024-07-30T21:56:20 IST" name="ChromeTest" finished-at="2024-07-30T21:57:02 IST" duration-ms="41320">
      <class name="testscript.LoginTest">
        <test-method is-config="true" signature="initializeBrowser(java.lang.String)[pri:0, instance:testscript.LoginTest@1fc32e4f]" started-at="2024-07-30T21:56:21 IST" name="initializeBrowser" finished-at="2024-07-30T21:56:56 IST" duration-ms="35102" status="PASS">
          <params>
            <param index="0">
              <value>
                <![CDATA[firefox]]>
              </value>
            </param>
          </params>
          <reporter-output>
          </reporter-output>
        </test-method> <!-- initializeBrowser -->
        <test-method signature="verifyUserIsUnAbleToLoginWithInvalidUsernameAndValidPassword()[pri:0, instance:testscript.LoginTest@1fc32e4f]" started-at="2024-07-30T21:56:56 IST" name="verifyUserIsUnAbleToLoginWithInvalidUsernameAndValidPassword" finished-at="2024-07-30T21:56:59 IST" duration-ms="3099" status="PASS">
          <reporter-output>
          </reporter-output>
        </test-method> <!-- verifyUserIsUnAbleToLoginWithInvalidUsernameAndValidPassword -->
        <test-method is-config="true" signature="driverQuit()[pri:0, instance:testscript.LoginTest@1fc32e4f]" started-at="2024-07-30T21:56:59 IST" name="driverQuit" finished-at="2024-07-30T21:57:02 IST" duration-ms="3004" status="PASS">
          <reporter-output>
          </reporter-output>
        </test-method> <!-- driverQuit -->
      </class> <!-- testscript.LoginTest -->
    </test> <!-- ChromeTest -->
  </suite> <!-- MultiBrowsing -->
</testng-results>
